<?xml version="1.0" encoding="UTF-8"?>
<!-- Generated by org.testng.reporters.JUnitXMLReporter -->
<testsuite ignored="4" hostname="CBIT01925.local" failures="0" tests="2" name="ToolsQA" time="33.99" errors="0" timestamp="2021-11-05T09:49:45 IST">
  <testcase classname="testcases.TestCase1" name="testCase1" time="10.342"/>
  <testcase classname="testcases.TestCase2" name="testCase2" time="10.088"/>
  <testcase classname="wrappers.ProjectSpecificWrappers" name="@BeforeSuite beforeSuite" time="0.0">
    <ignored/>
  </testcase> <!-- @BeforeSuite beforeSuite -->
  <testcase classname="wrappers.ProjectSpecificWrappers" name="@AfterSuite afterSuite" time="0.0">
    <ignored/>
  </testcase> <!-- @AfterSuite afterSuite -->
  <testcase classname="wrappers.ProjectSpecificWrappers" name="@BeforeTest beforeTest" time="0.0">
    <ignored/>
  </testcase> <!-- @BeforeTest beforeTest -->
  <testcase classname="wrappers.ProjectSpecificWrappers" name="@AfterTest afterTest" time="0.0">
    <ignored/>
  </testcase> <!-- @AfterTest afterTest -->
</testsuite> <!-- ToolsQA -->
